-------------------------------------------------------------------------------
Test set: org.example.LoginCourierTest
-------------------------------------------------------------------------------
Tests run: 8, Failures: 1, Errors: 0, Skipped: 0, Time elapsed: 63.835 s <<< FAILURE! - in org.example.LoginCourierTest
testSystemErrorWithNullValuePassword(org.example.LoginCourierTest)  Time elapsed: 60.593 s  <<< FAILURE!
java.lang.AssertionError: 
1 expectation failed.
Expected status code <404> but was <504>.

	at org.example.LoginCourierTest.testSystemErrorWithNullValuePassword(LoginCourierTest.java:204)

