<?xml version="1.0" encoding="UTF-8"?>
<testsuite xmlns:xsi="http://www.w3.org/2001/XMLSchema-instance" xsi:noNamespaceSchemaLocation="https://maven.apache.org/surefire/maven-surefire-plugin/xsd/surefire-test-report.xsd" name="org.example.LoginCourierTest" time="63.835" tests="8" errors="0" skipped="0" failures="1">
  <properties>
[...]
</properties>
  <testcase name="testCourierAuthWithRequiredFields" classname="org.example.LoginCourierTest" time="0.137"/>
  <testcase name="testCourierLogin" classname="org.example.LoginCourierTest" time="0.483"/>
  <testcase name="testLoginCourierReturnId" classname="org.example.LoginCourierTest" time="0.483"/>
  <testcase name="testSystemErrorWithIncorrectPassword" classname="org.example.LoginCourierTest" time="0.511"/>
  <testcase name="testNonExistUser" classname="org.example.LoginCourierTest" time="0.51"/>
  <testcase name="testAuthWithNullField" classname="org.example.LoginCourierTest" time="0.54"/>
  <testcase name="testSystemErrorWithIncorrectLogin" classname="org.example.LoginCourierTest" time="0.578"/>
  <testcase name="testSystemErrorWithNullValuePassword" classname="org.example.LoginCourierTest" time="60.593">
    <failure message="1 expectation failed.&#10;Expected status code &lt;404&gt; but was &lt;504&gt;.&#10;" type="java.lang.AssertionError"><![CDATA[java.lang.AssertionError: 
1 expectation failed.
Expected status code <404> but was <504>.

	at org.example.LoginCourierTest.testSystemErrorWithNullValuePassword(LoginCourierTest.java:204)
]]></failure>
    <system-out><![CDATA[Request method:	POST
Request URI:	https://qa-scooter.praktikum-services.ru/api/v1/courier
Proxy:			<none>
Request params:	<none>
Query params:	<none>
Form params:	<none>
Path params:	<none>
Headers:		Accept=*/*
				Content-Type=application/json
Cookies:		<none>
Multiparts:		<none>
Body:
{
    "login": "wPkjAmYKKv",
    "password": "gvxTYJROzA",
    "firstName": "VjvoiYoKIi"
}
Request method:	POST
Request URI:	https://qa-scooter.praktikum-services.ru/api/v1/courier
Proxy:			<none>
Request params:	<none>
Query params:	<none>
Form params:	<none>
Path params:	<none>
Headers:		Accept=*/*
				Content-Type=application/json
Cookies:		<none>
Multiparts:		<none>
Body:
{
    "login": "wPkjAmYKKv",
    "password": "gvxTYJROzA",
    "firstName": "VjvoiYoKIi"
}
Request method:	POST
Request URI:	https://qa-scooter.praktikum-services.ru/api/v1/courier
Proxy:			<none>
Request params:	<none>
Query params:	<none>
Form params:	<none>
Path params:	<none>
Headers:		Accept=*/*
				Content-Type=application/json
Cookies:		<none>
Multiparts:		<none>
Body:
{
    "login": "wPkjAmYKKv",
    "password": "gvxTYJROzA",
    "firstName": "VjvoiYoKIi"
}
Request method:	POST
Request URI:	https://qa-scooter.praktikum-services.ru/api/v1/courier
Proxy:			<none>
Request params:	<none>
Query params:	<none>
Form params:	<none>
Path params:	<none>
Headers:		Accept=*/*
				Content-Type=application/json
Cookies:		<none>
Multiparts:		<none>
Body:
{
    "login": "wPkjAmYKKv",
    "password": "gvxTYJROzA",
    "firstName": "VjvoiYoKIi"
}
Request method:	POST
Request URI:	https://qa-scooter.praktikum-services.ru/api/v1/courier
Proxy:			<none>
Request params:	<none>
Query params:	<none>
Form params:	<none>
Path params:	<none>
Headers:		Accept=*/*
				Content-Type=application/json
Cookies:		<none>
Multiparts:		<none>
Body:
{
    "login": "wPkjAmYKKv",
    "password": "gvxTYJROzA",
    "firstName": "VjvoiYoKIi"
}
Request method:	POST
Request URI:	https://qa-scooter.praktikum-services.ru/api/v1/courier
Proxy:			<none>
Request params:	<none>
Query params:	<none>
Form params:	<none>
Path params:	<none>
Headers:		Accept=*/*
				Content-Type=application/json
Cookies:		<none>
Multiparts:		<none>
Body:
{
    "login": "wPkjAmYKKv",
    "password": "gvxTYJROzA",
    "firstName": "VjvoiYoKIi"
}
Request method:	POST
Request URI:	https://qa-scooter.praktikum-services.ru/api/v1/courier
Proxy:			<none>
Request params:	<none>
Query params:	<none>
Form params:	<none>
Path params:	<none>
Headers:		Accept=*/*
				Content-Type=application/json
Cookies:		<none>
Multiparts:		<none>
Body:
{
    "login": "wPkjAmYKKv",
    "password": "gvxTYJROzA",
    "firstName": "VjvoiYoKIi"
}
Request method:	POST
Request URI:	https://qa-scooter.praktikum-services.ru/api/v1/courier
Proxy:			<none>
Request params:	<none>
Query params:	<none>
Form params:	<none>
Path params:	<none>
Headers:		Accept=*/*
				Content-Type=application/json
Cookies:		<none>
Multiparts:		<none>
Body:
{
    "login": "wPkjAmYKKv",
    "password": "gvxTYJROzA",
    "firstName": "VjvoiYoKIi"
}
Request method:	POST
Request URI:	https://qa-scooter.praktikum-services.ru/api/v1/courier
Proxy:			<none>
Request params:	<none>
Query params:	<none>
Form params:	<none>
Path params:	<none>
Headers:		Accept=*/*
				Content-Type=application/json
Cookies:		<none>
Multiparts:		<none>
Body:
{
    "login": "wPkjAmYKKv",
    "password": "gvxTYJROzA",
    "firstName": "VjvoiYoKIi"
}
Request method:	POST
Request URI:	https://qa-scooter.praktikum-services.ru/api/v1/courier
Proxy:			<none>
Request params:	<none>
Query params:	<none>
Form params:	<none>
Path params:	<none>
Headers:		Accept=*/*
				Content-Type=application/json
Cookies:		<none>
Multiparts:		<none>
Body:
{
    "login": "wPkjAmYKKv",
    "password": "gvxTYJROzA",
    "firstName": "VjvoiYoKIi"
}
Request method:	POST
Request URI:	https://qa-scooter.praktikum-services.ru/api/v1/courier
Proxy:			<none>
Request params:	<none>
Query params:	<none>
Form params:	<none>
Path params:	<none>
Headers:		Accept=*/*
				Content-Type=application/json
Cookies:		<none>
Multiparts:		<none>
Body:
{
    "login": "wPkjAmYKKv",
    "password": "gvxTYJROzA",
    "firstName": "VjvoiYoKIi"
}
Request method:	POST
Request URI:	https://qa-scooter.praktikum-services.ru/api/v1/courier
Proxy:			<none>
Request params:	<none>
Query params:	<none>
Form params:	<none>
Path params:	<none>
Headers:		Accept=*/*
				Content-Type=application/json
Cookies:		<none>
Multiparts:		<none>
Body:
{
    "login": "wPkjAmYKKv",
    "password": "gvxTYJROzA",
    "firstName": "VjvoiYoKIi"
}
Request method:	POST
Request URI:	https://qa-scooter.praktikum-services.ru/api/v1/courier
Proxy:			<none>
Request params:	<none>
Query params:	<none>
Form params:	<none>
Path params:	<none>
Headers:		Accept=*/*
				Content-Type=application/json
Cookies:		<none>
Multiparts:		<none>
Body:
{
    "login": "wPkjAmYKKv",
    "password": "gvxTYJROzA",
    "firstName": "VjvoiYoKIi"
}
Request method:	POST
Request URI:	https://qa-scooter.praktikum-services.ru/api/v1/courier
Proxy:			<none>
Request params:	<none>
Query params:	<none>
Form params:	<none>
Path params:	<none>
Headers:		Accept=*/*
				Content-Type=application/json
Cookies:		<none>
Multiparts:		<none>
Body:
{
    "login": "wPkjAmYKKv",
    "password": "gvxTYJROzA",
    "firstName": "VjvoiYoKIi"
}
Request method:	POST
Request URI:	https://qa-scooter.praktikum-services.ru/api/v1/courier
Proxy:			<none>
Request params:	<none>
Query params:	<none>
Form params:	<none>
Path params:	<none>
Headers:		Accept=*/*
				Content-Type=application/json
Cookies:		<none>
Multiparts:		<none>
Body:
{
    "login": "wPkjAmYKKv",
    "password": "gvxTYJROzA",
    "firstName": "VjvoiYoKIi"
}
Request method:	POST
Request URI:	https://qa-scooter.praktikum-services.ru/api/v1/courier
Proxy:			<none>
Request params:	<none>
Query params:	<none>
Form params:	<none>
Path params:	<none>
Headers:		Accept=*/*
				Content-Type=application/json
Cookies:		<none>
Multiparts:		<none>
Body:
{
    "login": "wPkjAmYKKv",
    "password": "gvxTYJROzA",
    "firstName": "VjvoiYoKIi"
}
Request method:	POST
Request URI:	https://qa-scooter.praktikum-services.ru/api/v1/courier
Proxy:			<none>
Request params:	<none>
Query params:	<none>
Form params:	<none>
Path params:	<none>
Headers:		Accept=*/*
				Content-Type=application/json
Cookies:		<none>
Multiparts:		<none>
Body:
{
    "login": "wPkjAmYKKv",
    "password": "gvxTYJROzA",
    "firstName": "VjvoiYoKIi"
}
Request method:	POST
Request URI:	https://qa-scooter.praktikum-services.ru/api/v1/courier
Proxy:			<none>
Request params:	<none>
Query params:	<none>
Form params:	<none>
Path params:	<none>
Headers:		Accept=*/*
				Content-Type=application/json
Cookies:		<none>
Multiparts:		<none>
Body:
{
    "login": "wPkjAmYKKv",
    "password": "gvxTYJROzA",
    "firstName": "VjvoiYoKIi"
}
Request method:	POST
Request URI:	https://qa-scooter.praktikum-services.ru/api/v1/courier
Proxy:			<none>
Request params:	<none>
Query params:	<none>
Form params:	<none>
Path params:	<none>
Headers:		Accept=*/*
				Content-Type=application/json
Cookies:		<none>
Multiparts:		<none>
Body:
{
    "login": "wPkjAmYKKv",
    "password": "gvxTYJROzA",
    "firstName": "VjvoiYoKIi"
}
HTTP/1.1 201 Created
Access-Control-Allow-Origin: *
Content-Length: 11
Content-Type: application/json; charset=utf-8
Date: Sun, 10 Apr 2022 10:59:46 GMT
ETag: W/"b-Ai2R8hgEarLmHKwesT1qcY913ys"
Set-Cookie: _yasc=qEVx+qLD4eEGC3pQ8SMXsZGXljwcHJ9JIvRETX43bTCmig==; domain=.praktikum-services.ru; path=/; expires=Tue, 10-May-2022 10:59:46 GMT; secure
X-Powered-By: Express
X-Request-Id: 1649588386554392-7586790056070595317

{
    "ok": true
}
HTTP/1.1 201 Created
Access-Control-Allow-Origin: *
Content-Length: 11
Content-Type: application/json; charset=utf-8
Date: Sun, 10 Apr 2022 10:59:46 GMT
ETag: W/"b-Ai2R8hgEarLmHKwesT1qcY913ys"
Set-Cookie: _yasc=qEVx+qLD4eEGC3pQ8SMXsZGXljwcHJ9JIvRETX43bTCmig==; domain=.praktikum-services.ru; path=/; expires=Tue, 10-May-2022 10:59:46 GMT; secure
X-Powered-By: Express
X-Request-Id: 1649588386554392-7586790056070595317

{
    "ok": true
}
HTTP/1.1 201 Created
Access-Control-Allow-Origin: *
Content-Length: 11
Content-Type: application/json; charset=utf-8
Date: Sun, 10 Apr 2022 10:59:46 GMT
ETag: W/"b-Ai2R8hgEarLmHKwesT1qcY913ys"
Set-Cookie: _yasc=qEVx+qLD4eEGC3pQ8SMXsZGXljwcHJ9JIvRETX43bTCmig==; domain=.praktikum-services.ru; path=/; expires=Tue, 10-May-2022 10:59:46 GMT; secure
X-Powered-By: Express
X-Request-Id: 1649588386554392-7586790056070595317

{
    "ok": true
}
HTTP/1.1 201 Created
Access-Control-Allow-Origin: *
Content-Length: 11
Content-Type: application/json; charset=utf-8
Date: Sun, 10 Apr 2022 10:59:46 GMT
ETag: W/"b-Ai2R8hgEarLmHKwesT1qcY913ys"
Set-Cookie: _yasc=qEVx+qLD4eEGC3pQ8SMXsZGXljwcHJ9JIvRETX43bTCmig==; domain=.praktikum-services.ru; path=/; expires=Tue, 10-May-2022 10:59:46 GMT; secure
X-Powered-By: Express
X-Request-Id: 1649588386554392-7586790056070595317

{
    "ok": true
}
HTTP/1.1 201 Created
Access-Control-Allow-Origin: *
Content-Length: 11
Content-Type: application/json; charset=utf-8
Date: Sun, 10 Apr 2022 10:59:46 GMT
ETag: W/"b-Ai2R8hgEarLmHKwesT1qcY913ys"
Set-Cookie: _yasc=qEVx+qLD4eEGC3pQ8SMXsZGXljwcHJ9JIvRETX43bTCmig==; domain=.praktikum-services.ru; path=/; expires=Tue, 10-May-2022 10:59:46 GMT; secure
X-Powered-By: Express
X-Request-Id: 1649588386554392-7586790056070595317

{
    "ok": true
}
HTTP/1.1 201 Created
Access-Control-Allow-Origin: *
Content-Length: 11
Content-Type: application/json; charset=utf-8
Date: Sun, 10 Apr 2022 10:59:46 GMT
ETag: W/"b-Ai2R8hgEarLmHKwesT1qcY913ys"
Set-Cookie: _yasc=qEVx+qLD4eEGC3pQ8SMXsZGXljwcHJ9JIvRETX43bTCmig==; domain=.praktikum-services.ru; path=/; expires=Tue, 10-May-2022 10:59:46 GMT; secure
X-Powered-By: Express
X-Request-Id: 1649588386554392-7586790056070595317

{
    "ok": true
}
HTTP/1.1 201 Created
Access-Control-Allow-Origin: *
Content-Length: 11
Content-Type: application/json; charset=utf-8
Date: Sun, 10 Apr 2022 10:59:46 GMT
ETag: W/"b-Ai2R8hgEarLmHKwesT1qcY913ys"
Set-Cookie: _yasc=qEVx+qLD4eEGC3pQ8SMXsZGXljwcHJ9JIvRETX43bTCmig==; domain=.praktikum-services.ru; path=/; expires=Tue, 10-May-2022 10:59:46 GMT; secure
X-Powered-By: Express
X-Request-Id: 1649588386554392-7586790056070595317

{
    "ok": true
}
HTTP/1.1 201 Created
Access-Control-Allow-Origin: *
Content-Length: 11
Content-Type: application/json; charset=utf-8
Date: Sun, 10 Apr 2022 10:59:46 GMT
ETag: W/"b-Ai2R8hgEarLmHKwesT1qcY913ys"
Set-Cookie: _yasc=qEVx+qLD4eEGC3pQ8SMXsZGXljwcHJ9JIvRETX43bTCmig==; domain=.praktikum-services.ru; path=/; expires=Tue, 10-May-2022 10:59:46 GMT; secure
X-Powered-By: Express
X-Request-Id: 1649588386554392-7586790056070595317

{
    "ok": true
}
HTTP/1.1 201 Created
Access-Control-Allow-Origin: *
Content-Length: 11
Content-Type: application/json; charset=utf-8
Date: Sun, 10 Apr 2022 10:59:46 GMT
ETag: W/"b-Ai2R8hgEarLmHKwesT1qcY913ys"
Set-Cookie: _yasc=qEVx+qLD4eEGC3pQ8SMXsZGXljwcHJ9JIvRETX43bTCmig==; domain=.praktikum-services.ru; path=/; expires=Tue, 10-May-2022 10:59:46 GMT; secure
X-Powered-By: Express
X-Request-Id: 1649588386554392-7586790056070595317

{
    "ok": true
}
HTTP/1.1 201 Created
Access-Control-Allow-Origin: *
Content-Length: 11
Content-Type: application/json; charset=utf-8
Date: Sun, 10 Apr 2022 10:59:46 GMT
ETag: W/"b-Ai2R8hgEarLmHKwesT1qcY913ys"
Set-Cookie: _yasc=qEVx+qLD4eEGC3pQ8SMXsZGXljwcHJ9JIvRETX43bTCmig==; domain=.praktikum-services.ru; path=/; expires=Tue, 10-May-2022 10:59:46 GMT; secure
X-Powered-By: Express
X-Request-Id: 1649588386554392-7586790056070595317

{
    "ok": true
}
HTTP/1.1 201 Created
Access-Control-Allow-Origin: *
Content-Length: 11
Content-Type: application/json; charset=utf-8
Date: Sun, 10 Apr 2022 10:59:46 GMT
ETag: W/"b-Ai2R8hgEarLmHKwesT1qcY913ys"
Set-Cookie: _yasc=qEVx+qLD4eEGC3pQ8SMXsZGXljwcHJ9JIvRETX43bTCmig==; domain=.praktikum-services.ru; path=/; expires=Tue, 10-May-2022 10:59:46 GMT; secure
X-Powered-By: Express
X-Request-Id: 1649588386554392-7586790056070595317

{
    "ok": true
}
HTTP/1.1 201 Created
Access-Control-Allow-Origin: *
Content-Length: 11
Content-Type: application/json; charset=utf-8
Date: Sun, 10 Apr 2022 10:59:46 GMT
ETag: W/"b-Ai2R8hgEarLmHKwesT1qcY913ys"
Set-Cookie: _yasc=qEVx+qLD4eEGC3pQ8SMXsZGXljwcHJ9JIvRETX43bTCmig==; domain=.praktikum-services.ru; path=/; expires=Tue, 10-May-2022 10:59:46 GMT; secure
X-Powered-By: Express
X-Request-Id: 1649588386554392-7586790056070595317

{
    "ok": true
}
HTTP/1.1 201 Created
Access-Control-Allow-Origin: *
Content-Length: 11
Content-Type: application/json; charset=utf-8
Date: Sun, 10 Apr 2022 10:59:46 GMT
ETag: W/"b-Ai2R8hgEarLmHKwesT1qcY913ys"
Set-Cookie: _yasc=qEVx+qLD4eEGC3pQ8SMXsZGXljwcHJ9JIvRETX43bTCmig==; domain=.praktikum-services.ru; path=/; expires=Tue, 10-May-2022 10:59:46 GMT; secure
X-Powered-By: Express
X-Request-Id: 1649588386554392-7586790056070595317

{
    "ok": true
}
HTTP/1.1 201 Created
Access-Control-Allow-Origin: *
Content-Length: 11
Content-Type: application/json; charset=utf-8
Date: Sun, 10 Apr 2022 10:59:46 GMT
ETag: W/"b-Ai2R8hgEarLmHKwesT1qcY913ys"
Set-Cookie: _yasc=qEVx+qLD4eEGC3pQ8SMXsZGXljwcHJ9JIvRETX43bTCmig==; domain=.praktikum-services.ru; path=/; expires=Tue, 10-May-2022 10:59:46 GMT; secure
X-Powered-By: Express
X-Request-Id: 1649588386554392-7586790056070595317

{
    "ok": true
}
HTTP/1.1 201 Created
Access-Control-Allow-Origin: *
Content-Length: 11
Content-Type: application/json; charset=utf-8
Date: Sun, 10 Apr 2022 10:59:46 GMT
ETag: W/"b-Ai2R8hgEarLmHKwesT1qcY913ys"
Set-Cookie: _yasc=qEVx+qLD4eEGC3pQ8SMXsZGXljwcHJ9JIvRETX43bTCmig==; domain=.praktikum-services.ru; path=/; expires=Tue, 10-May-2022 10:59:46 GMT; secure
X-Powered-By: Express
X-Request-Id: 1649588386554392-7586790056070595317

{
    "ok": true
}
HTTP/1.1 201 Created
Access-Control-Allow-Origin: *
Content-Length: 11
Content-Type: application/json; charset=utf-8
Date: Sun, 10 Apr 2022 10:59:46 GMT
ETag: W/"b-Ai2R8hgEarLmHKwesT1qcY913ys"
Set-Cookie: _yasc=qEVx+qLD4eEGC3pQ8SMXsZGXljwcHJ9JIvRETX43bTCmig==; domain=.praktikum-services.ru; path=/; expires=Tue, 10-May-2022 10:59:46 GMT; secure
X-Powered-By: Express
X-Request-Id: 1649588386554392-7586790056070595317

{
    "ok": true
}
HTTP/1.1 201 Created
Access-Control-Allow-Origin: *
Content-Length: 11
Content-Type: application/json; charset=utf-8
Date: Sun, 10 Apr 2022 10:59:46 GMT
ETag: W/"b-Ai2R8hgEarLmHKwesT1qcY913ys"
Set-Cookie: _yasc=qEVx+qLD4eEGC3pQ8SMXsZGXljwcHJ9JIvRETX43bTCmig==; domain=.praktikum-services.ru; path=/; expires=Tue, 10-May-2022 10:59:46 GMT; secure
X-Powered-By: Express
X-Request-Id: 1649588386554392-7586790056070595317

{
    "ok": true
}
HTTP/1.1 201 Created
Access-Control-Allow-Origin: *
Content-Length: 11
Content-Type: application/json; charset=utf-8
Date: Sun, 10 Apr 2022 10:59:46 GMT
ETag: W/"b-Ai2R8hgEarLmHKwesT1qcY913ys"
Set-Cookie: _yasc=qEVx+qLD4eEGC3pQ8SMXsZGXljwcHJ9JIvRETX43bTCmig==; domain=.praktikum-services.ru; path=/; expires=Tue, 10-May-2022 10:59:46 GMT; secure
X-Powered-By: Express
X-Request-Id: 1649588386554392-7586790056070595317

{
    "ok": true
}
HTTP/1.1 201 Created
Access-Control-Allow-Origin: *
Content-Length: 11
Content-Type: application/json; charset=utf-8
Date: Sun, 10 Apr 2022 10:59:46 GMT
ETag: W/"b-Ai2R8hgEarLmHKwesT1qcY913ys"
Set-Cookie: _yasc=qEVx+qLD4eEGC3pQ8SMXsZGXljwcHJ9JIvRETX43bTCmig==; domain=.praktikum-services.ru; path=/; expires=Tue, 10-May-2022 10:59:46 GMT; secure
X-Powered-By: Express
X-Request-Id: 1649588386554392-7586790056070595317

{
    "ok": true
}
Request method:	POST
Request URI:	http://qa-scooter.praktikum-services.ru/api/v1/courier/login
Proxy:			<none>
Request params:	<none>
Query params:	<none>
Form params:	<none>
Path params:	<none>
Headers:		Accept=*/*
				Content-Type=application/json
Cookies:		<none>
Multiparts:		<none>
Body:
{
    "login": "wPkjAmYKKv",
    "password": "gvxTYJROzA",
    "id": 0
}
Request method:	POST
Request URI:	http://qa-scooter.praktikum-services.ru/api/v1/courier/login
Proxy:			<none>
Request params:	<none>
Query params:	<none>
Form params:	<none>
Path params:	<none>
Headers:		Accept=*/*
				Content-Type=application/json
Cookies:		<none>
Multiparts:		<none>
Body:
{
    "login": "wPkjAmYKKv",
    "password": "gvxTYJROzA",
    "id": 0
}
Request method:	POST
Request URI:	http://qa-scooter.praktikum-services.ru/api/v1/courier/login
Proxy:			<none>
Request params:	<none>
Query params:	<none>
Form params:	<none>
Path params:	<none>
Headers:		Accept=*/*
				Content-Type=application/json
Cookies:		<none>
Multiparts:		<none>
Body:
{
    "login": "wPkjAmYKKv",
    "password": "gvxTYJROzA",
    "id": 0
}
Request method:	POST
Request URI:	http://qa-scooter.praktikum-services.ru/api/v1/courier/login
Proxy:			<none>
Request params:	<none>
Query params:	<none>
Form params:	<none>
Path params:	<none>
Headers:		Accept=*/*
				Content-Type=application/json
Cookies:		<none>
Multiparts:		<none>
Body:
{
    "login": "wPkjAmYKKv",
    "password": "gvxTYJROzA",
    "id": 0
}
Request method:	POST
Request URI:	http://qa-scooter.praktikum-services.ru/api/v1/courier/login
Proxy:			<none>
Request params:	<none>
Query params:	<none>
Form params:	<none>
Path params:	<none>
Headers:		Accept=*/*
				Content-Type=application/json
Cookies:		<none>
Multiparts:		<none>
Body:
{
    "login": "wPkjAmYKKv",
    "password": "gvxTYJROzA",
    "id": 0
}
Request method:	POST
Request URI:	http://qa-scooter.praktikum-services.ru/api/v1/courier/login
Proxy:			<none>
Request params:	<none>
Query params:	<none>
Form params:	<none>
Path params:	<none>
Headers:		Accept=*/*
				Content-Type=application/json
Cookies:		<none>
Multiparts:		<none>
Body:
{
    "login": "wPkjAmYKKv",
    "password": "gvxTYJROzA",
    "id": 0
}
Request method:	POST
Request URI:	http://qa-scooter.praktikum-services.ru/api/v1/courier/login
Proxy:			<none>
Request params:	<none>
Query params:	<none>
Form params:	<none>
Path params:	<none>
Headers:		Accept=*/*
				Content-Type=application/json
Cookies:		<none>
Multiparts:		<none>
Body:
{
    "login": "wPkjAmYKKv",
    "password": "gvxTYJROzA",
    "id": 0
}
Request method:	POST
Request URI:	http://qa-scooter.praktikum-services.ru/api/v1/courier/login
Proxy:			<none>
Request params:	<none>
Query params:	<none>
Form params:	<none>
Path params:	<none>
Headers:		Accept=*/*
				Content-Type=application/json
Cookies:		<none>
Multiparts:		<none>
Body:
{
    "login": "wPkjAmYKKv",
    "password": "gvxTYJROzA",
    "id": 0
}
Request method:	POST
Request URI:	http://qa-scooter.praktikum-services.ru/api/v1/courier/login
Proxy:			<none>
Request params:	<none>
Query params:	<none>
Form params:	<none>
Path params:	<none>
Headers:		Accept=*/*
				Content-Type=application/json
Cookies:		<none>
Multiparts:		<none>
Body:
{
    "login": "wPkjAmYKKv",
    "password": "gvxTYJROzA",
    "id": 0
}
Request method:	POST
Request URI:	http://qa-scooter.praktikum-services.ru/api/v1/courier/login
Proxy:			<none>
Request params:	<none>
Query params:	<none>
Form params:	<none>
Path params:	<none>
Headers:		Accept=*/*
				Content-Type=application/json
Cookies:		<none>
Multiparts:		<none>
Body:
{
    "login": "wPkjAmYKKv",
    "password": "gvxTYJROzA",
    "id": 0
}
Request method:	POST
Request URI:	http://qa-scooter.praktikum-services.ru/api/v1/courier/login
Proxy:			<none>
Request params:	<none>
Query params:	<none>
Form params:	<none>
Path params:	<none>
Headers:		Accept=*/*
				Content-Type=application/json
Cookies:		<none>
Multiparts:		<none>
Body:
{
    "login": "wPkjAmYKKv",
    "password": "gvxTYJROzA",
    "id": 0
}
Request method:	POST
Request URI:	http://qa-scooter.praktikum-services.ru/api/v1/courier/login
Proxy:			<none>
Request params:	<none>
Query params:	<none>
Form params:	<none>
Path params:	<none>
Headers:		Accept=*/*
				Content-Type=application/json
Cookies:		<none>
Multiparts:		<none>
Body:
{
    "login": "wPkjAmYKKv",
    "password": "gvxTYJROzA",
    "id": 0
}
Request method:	POST
Request URI:	http://qa-scooter.praktikum-services.ru/api/v1/courier/login
Proxy:			<none>
Request params:	<none>
Query params:	<none>
Form params:	<none>
Path params:	<none>
Headers:		Accept=*/*
				Content-Type=application/json
Cookies:		<none>
Multiparts:		<none>
Body:
{
    "login": "wPkjAmYKKv",
    "password": "gvxTYJROzA",
    "id": 0
}
Request method:	POST
Request URI:	http://qa-scooter.praktikum-services.ru/api/v1/courier/login
Proxy:			<none>
Request params:	<none>
Query params:	<none>
Form params:	<none>
Path params:	<none>
Headers:		Accept=*/*
				Content-Type=application/json
Cookies:		<none>
Multiparts:		<none>
Body:
{
    "login": "wPkjAmYKKv",
    "password": "gvxTYJROzA",
    "id": 0
}
Request method:	POST
Request URI:	http://qa-scooter.praktikum-services.ru/api/v1/courier/login
Proxy:			<none>
Request params:	<none>
Query params:	<none>
Form params:	<none>
Path params:	<none>
Headers:		Accept=*/*
				Content-Type=application/json
Cookies:		<none>
Multiparts:		<none>
Body:
{
    "login": "wPkjAmYKKv",
    "password": "gvxTYJROzA",
    "id": 0
}
Request method:	POST
Request URI:	http://qa-scooter.praktikum-services.ru/api/v1/courier/login
Proxy:			<none>
Request params:	<none>
Query params:	<none>
Form params:	<none>
Path params:	<none>
Headers:		Accept=*/*
				Content-Type=application/json
Cookies:		<none>
Multiparts:		<none>
Body:
{
    "login": "wPkjAmYKKv",
    "password": "gvxTYJROzA",
    "id": 0
}
Request method:	POST
Request URI:	http://qa-scooter.praktikum-services.ru/api/v1/courier/login
Proxy:			<none>
Request params:	<none>
Query params:	<none>
Form params:	<none>
Path params:	<none>
Headers:		Accept=*/*
				Content-Type=application/json
Cookies:		<none>
Multiparts:		<none>
Body:
{
    "login": "wPkjAmYKKv",
    "password": "gvxTYJROzA",
    "id": 0
}
Request method:	POST
Request URI:	http://qa-scooter.praktikum-services.ru/api/v1/courier/login
Proxy:			<none>
Request params:	<none>
Query params:	<none>
Form params:	<none>
Path params:	<none>
Headers:		Accept=*/*
				Content-Type=application/json
Cookies:		<none>
Multiparts:		<none>
Body:
{
    "login": "wPkjAmYKKv",
    "password": "gvxTYJROzA",
    "id": 0
}
Request method:	POST
Request URI:	http://qa-scooter.praktikum-services.ru/api/v1/courier/login
Proxy:			<none>
Request params:	<none>
Query params:	<none>
Form params:	<none>
Path params:	<none>
Headers:		Accept=*/*
				Content-Type=application/json
Cookies:		<none>
Multiparts:		<none>
Body:
{
    "login": "wPkjAmYKKv",
    "password": "gvxTYJROzA",
    "id": 0
}
HTTP/1.1 200 OK
Access-Control-Allow-Origin: *
Content-Length: 12
Content-Type: application/json; charset=utf-8
Date: Sun, 10 Apr 2022 10:59:46 GMT
ETag: W/"c-98uYEMm53dibbP3DxJlZ5cCJt1A"
Set-Cookie: _yasc=uxnugGZYKaQPmQJ8TNJDTNTQAhxr3zC4fG3G8pQ9Hbc3dw==; domain=.praktikum-services.ru; path=/; expires=Tue, 10-May-2022 10:59:46 GMT; secure
X-Powered-By: Express
X-Request-Id: 1649588386705526-9695792935260017880

{
    "id": 54164
}
HTTP/1.1 200 OK
Access-Control-Allow-Origin: *
Content-Length: 12
Content-Type: application/json; charset=utf-8
Date: Sun, 10 Apr 2022 10:59:46 GMT
ETag: W/"c-98uYEMm53dibbP3DxJlZ5cCJt1A"
Set-Cookie: _yasc=uxnugGZYKaQPmQJ8TNJDTNTQAhxr3zC4fG3G8pQ9Hbc3dw==; domain=.praktikum-services.ru; path=/; expires=Tue, 10-May-2022 10:59:46 GMT; secure
X-Powered-By: Express
X-Request-Id: 1649588386705526-9695792935260017880

{
    "id": 54164
}
HTTP/1.1 200 OK
Access-Control-Allow-Origin: *
Content-Length: 12
Content-Type: application/json; charset=utf-8
Date: Sun, 10 Apr 2022 10:59:46 GMT
ETag: W/"c-98uYEMm53dibbP3DxJlZ5cCJt1A"
Set-Cookie: _yasc=uxnugGZYKaQPmQJ8TNJDTNTQAhxr3zC4fG3G8pQ9Hbc3dw==; domain=.praktikum-services.ru; path=/; expires=Tue, 10-May-2022 10:59:46 GMT; secure
X-Powered-By: Express
X-Request-Id: 1649588386705526-9695792935260017880

{
    "id": 54164
}
HTTP/1.1 200 OK
Access-Control-Allow-Origin: *
Content-Length: 12
Content-Type: application/json; charset=utf-8
Date: Sun, 10 Apr 2022 10:59:46 GMT
ETag: W/"c-98uYEMm53dibbP3DxJlZ5cCJt1A"
Set-Cookie: _yasc=uxnugGZYKaQPmQJ8TNJDTNTQAhxr3zC4fG3G8pQ9Hbc3dw==; domain=.praktikum-services.ru; path=/; expires=Tue, 10-May-2022 10:59:46 GMT; secure
X-Powered-By: Express
X-Request-Id: 1649588386705526-9695792935260017880

{
    "id": 54164
}
HTTP/1.1 200 OK
Access-Control-Allow-Origin: *
Content-Length: 12
Content-Type: application/json; charset=utf-8
Date: Sun, 10 Apr 2022 10:59:46 GMT
ETag: W/"c-98uYEMm53dibbP3DxJlZ5cCJt1A"
Set-Cookie: _yasc=uxnugGZYKaQPmQJ8TNJDTNTQAhxr3zC4fG3G8pQ9Hbc3dw==; domain=.praktikum-services.ru; path=/; expires=Tue, 10-May-2022 10:59:46 GMT; secure
X-Powered-By: Express
X-Request-Id: 1649588386705526-9695792935260017880

{
    "id": 54164
}
HTTP/1.1 200 OK
Access-Control-Allow-Origin: *
Content-Length: 12
Content-Type: application/json; charset=utf-8
Date: Sun, 10 Apr 2022 10:59:46 GMT
ETag: W/"c-98uYEMm53dibbP3DxJlZ5cCJt1A"
Set-Cookie: _yasc=uxnugGZYKaQPmQJ8TNJDTNTQAhxr3zC4fG3G8pQ9Hbc3dw==; domain=.praktikum-services.ru; path=/; expires=Tue, 10-May-2022 10:59:46 GMT; secure
X-Powered-By: Express
X-Request-Id: 1649588386705526-9695792935260017880

{
    "id": 54164
}
HTTP/1.1 200 OK
Access-Control-Allow-Origin: *
Content-Length: 12
Content-Type: application/json; charset=utf-8
Date: Sun, 10 Apr 2022 10:59:46 GMT
ETag: W/"c-98uYEMm53dibbP3DxJlZ5cCJt1A"
Set-Cookie: _yasc=uxnugGZYKaQPmQJ8TNJDTNTQAhxr3zC4fG3G8pQ9Hbc3dw==; domain=.praktikum-services.ru; path=/; expires=Tue, 10-May-2022 10:59:46 GMT; secure
X-Powered-By: Express
X-Request-Id: 1649588386705526-9695792935260017880

{
    "id": 54164
}
HTTP/1.1 200 OK
Access-Control-Allow-Origin: *
Content-Length: 12
Content-Type: application/json; charset=utf-8
Date: Sun, 10 Apr 2022 10:59:46 GMT
ETag: W/"c-98uYEMm53dibbP3DxJlZ5cCJt1A"
Set-Cookie: _yasc=uxnugGZYKaQPmQJ8TNJDTNTQAhxr3zC4fG3G8pQ9Hbc3dw==; domain=.praktikum-services.ru; path=/; expires=Tue, 10-May-2022 10:59:46 GMT; secure
X-Powered-By: Express
X-Request-Id: 1649588386705526-9695792935260017880

{
    "id": 54164
}
HTTP/1.1 200 OK
Access-Control-Allow-Origin: *
Content-Length: 12
Content-Type: application/json; charset=utf-8
Date: Sun, 10 Apr 2022 10:59:46 GMT
ETag: W/"c-98uYEMm53dibbP3DxJlZ5cCJt1A"
Set-Cookie: _yasc=uxnugGZYKaQPmQJ8TNJDTNTQAhxr3zC4fG3G8pQ9Hbc3dw==; domain=.praktikum-services.ru; path=/; expires=Tue, 10-May-2022 10:59:46 GMT; secure
X-Powered-By: Express
X-Request-Id: 1649588386705526-9695792935260017880

{
    "id": 54164
}
HTTP/1.1 200 OK
Access-Control-Allow-Origin: *
Content-Length: 12
Content-Type: application/json; charset=utf-8
Date: Sun, 10 Apr 2022 10:59:46 GMT
ETag: W/"c-98uYEMm53dibbP3DxJlZ5cCJt1A"
Set-Cookie: _yasc=uxnugGZYKaQPmQJ8TNJDTNTQAhxr3zC4fG3G8pQ9Hbc3dw==; domain=.praktikum-services.ru; path=/; expires=Tue, 10-May-2022 10:59:46 GMT; secure
X-Powered-By: Express
X-Request-Id: 1649588386705526-9695792935260017880

{
    "id": 54164
}
HTTP/1.1 200 OK
Access-Control-Allow-Origin: *
Content-Length: 12
Content-Type: application/json; charset=utf-8
Date: Sun, 10 Apr 2022 10:59:46 GMT
ETag: W/"c-98uYEMm53dibbP3DxJlZ5cCJt1A"
Set-Cookie: _yasc=uxnugGZYKaQPmQJ8TNJDTNTQAhxr3zC4fG3G8pQ9Hbc3dw==; domain=.praktikum-services.ru; path=/; expires=Tue, 10-May-2022 10:59:46 GMT; secure
X-Powered-By: Express
X-Request-Id: 1649588386705526-9695792935260017880

{
    "id": 54164
}
HTTP/1.1 200 OK
Access-Control-Allow-Origin: *
Content-Length: 12
Content-Type: application/json; charset=utf-8
Date: Sun, 10 Apr 2022 10:59:46 GMT
ETag: W/"c-98uYEMm53dibbP3DxJlZ5cCJt1A"
Set-Cookie: _yasc=uxnugGZYKaQPmQJ8TNJDTNTQAhxr3zC4fG3G8pQ9Hbc3dw==; domain=.praktikum-services.ru; path=/; expires=Tue, 10-May-2022 10:59:46 GMT; secure
X-Powered-By: Express
X-Request-Id: 1649588386705526-9695792935260017880

{
    "id": 54164
}
HTTP/1.1 200 OK
Access-Control-Allow-Origin: *
Content-Length: 12
Content-Type: application/json; charset=utf-8
Date: Sun, 10 Apr 2022 10:59:46 GMT
ETag: W/"c-98uYEMm53dibbP3DxJlZ5cCJt1A"
Set-Cookie: _yasc=uxnugGZYKaQPmQJ8TNJDTNTQAhxr3zC4fG3G8pQ9Hbc3dw==; domain=.praktikum-services.ru; path=/; expires=Tue, 10-May-2022 10:59:46 GMT; secure
X-Powered-By: Express
X-Request-Id: 1649588386705526-9695792935260017880

{
    "id": 54164
}
HTTP/1.1 200 OK
Access-Control-Allow-Origin: *
Content-Length: 12
Content-Type: application/json; charset=utf-8
Date: Sun, 10 Apr 2022 10:59:46 GMT
ETag: W/"c-98uYEMm53dibbP3DxJlZ5cCJt1A"
Set-Cookie: _yasc=uxnugGZYKaQPmQJ8TNJDTNTQAhxr3zC4fG3G8pQ9Hbc3dw==; domain=.praktikum-services.ru; path=/; expires=Tue, 10-May-2022 10:59:46 GMT; secure
X-Powered-By: Express
X-Request-Id: 1649588386705526-9695792935260017880

{
    "id": 54164
}
HTTP/1.1 200 OK
Access-Control-Allow-Origin: *
Content-Length: 12
Content-Type: application/json; charset=utf-8
Date: Sun, 10 Apr 2022 10:59:46 GMT
ETag: W/"c-98uYEMm53dibbP3DxJlZ5cCJt1A"
Set-Cookie: _yasc=uxnugGZYKaQPmQJ8TNJDTNTQAhxr3zC4fG3G8pQ9Hbc3dw==; domain=.praktikum-services.ru; path=/; expires=Tue, 10-May-2022 10:59:46 GMT; secure
X-Powered-By: Express
X-Request-Id: 1649588386705526-9695792935260017880

{
    "id": 54164
}
HTTP/1.1 200 OK
Access-Control-Allow-Origin: *
Content-Length: 12
Content-Type: application/json; charset=utf-8
Date: Sun, 10 Apr 2022 10:59:46 GMT
ETag: W/"c-98uYEMm53dibbP3DxJlZ5cCJt1A"
Set-Cookie: _yasc=uxnugGZYKaQPmQJ8TNJDTNTQAhxr3zC4fG3G8pQ9Hbc3dw==; domain=.praktikum-services.ru; path=/; expires=Tue, 10-May-2022 10:59:46 GMT; secure
X-Powered-By: Express
X-Request-Id: 1649588386705526-9695792935260017880

{
    "id": 54164
}
HTTP/1.1 200 OK
Access-Control-Allow-Origin: *
Content-Length: 12
Content-Type: application/json; charset=utf-8
Date: Sun, 10 Apr 2022 10:59:46 GMT
ETag: W/"c-98uYEMm53dibbP3DxJlZ5cCJt1A"
Set-Cookie: _yasc=uxnugGZYKaQPmQJ8TNJDTNTQAhxr3zC4fG3G8pQ9Hbc3dw==; domain=.praktikum-services.ru; path=/; expires=Tue, 10-May-2022 10:59:46 GMT; secure
X-Powered-By: Express
X-Request-Id: 1649588386705526-9695792935260017880

{
    "id": 54164
}
HTTP/1.1 200 OK
Access-Control-Allow-Origin: *
Content-Length: 12
Content-Type: application/json; charset=utf-8
Date: Sun, 10 Apr 2022 10:59:46 GMT
ETag: W/"c-98uYEMm53dibbP3DxJlZ5cCJt1A"
Set-Cookie: _yasc=uxnugGZYKaQPmQJ8TNJDTNTQAhxr3zC4fG3G8pQ9Hbc3dw==; domain=.praktikum-services.ru; path=/; expires=Tue, 10-May-2022 10:59:46 GMT; secure
X-Powered-By: Express
X-Request-Id: 1649588386705526-9695792935260017880

{
    "id": 54164
}
HTTP/1.1 200 OK
Access-Control-Allow-Origin: *
Content-Length: 12
Content-Type: application/json; charset=utf-8
Date: Sun, 10 Apr 2022 10:59:46 GMT
ETag: W/"c-98uYEMm53dibbP3DxJlZ5cCJt1A"
Set-Cookie: _yasc=uxnugGZYKaQPmQJ8TNJDTNTQAhxr3zC4fG3G8pQ9Hbc3dw==; domain=.praktikum-services.ru; path=/; expires=Tue, 10-May-2022 10:59:46 GMT; secure
X-Powered-By: Express
X-Request-Id: 1649588386705526-9695792935260017880

{
    "id": 54164
}
54164
Кейс: система вернёт ошибку, если  не указать логин или пароль
Указываем - пароль = NULL
Request method:	POST
Request URI:	http://qa-scooter.praktikum-services.ru/api/v1/courier/login
Proxy:			<none>
Request params:	<none>
Query params:	<none>
Form params:	<none>
Path params:	<none>
Headers:		Accept=*/*
				Content-Type=application/json
Cookies:		<none>
Multiparts:		<none>
Body:
{
    "login": "wPkjAmYKKv",
    "password": null,
    "id": 0
}
Request method:	POST
Request URI:	http://qa-scooter.praktikum-services.ru/api/v1/courier/login
Proxy:			<none>
Request params:	<none>
Query params:	<none>
Form params:	<none>
Path params:	<none>
Headers:		Accept=*/*
				Content-Type=application/json
Cookies:		<none>
Multiparts:		<none>
Body:
{
    "login": "wPkjAmYKKv",
    "password": null,
    "id": 0
}
Request method:	POST
Request URI:	http://qa-scooter.praktikum-services.ru/api/v1/courier/login
Proxy:			<none>
Request params:	<none>
Query params:	<none>
Form params:	<none>
Path params:	<none>
Headers:		Accept=*/*
				Content-Type=application/json
Cookies:		<none>
Multiparts:		<none>
Body:
{
    "login": "wPkjAmYKKv",
    "password": null,
    "id": 0
}
Request method:	POST
Request URI:	http://qa-scooter.praktikum-services.ru/api/v1/courier/login
Proxy:			<none>
Request params:	<none>
Query params:	<none>
Form params:	<none>
Path params:	<none>
Headers:		Accept=*/*
				Content-Type=application/json
Cookies:		<none>
Multiparts:		<none>
Body:
{
    "login": "wPkjAmYKKv",
    "password": null,
    "id": 0
}
Request method:	POST
Request URI:	http://qa-scooter.praktikum-services.ru/api/v1/courier/login
Proxy:			<none>
Request params:	<none>
Query params:	<none>
Form params:	<none>
Path params:	<none>
Headers:		Accept=*/*
				Content-Type=application/json
Cookies:		<none>
Multiparts:		<none>
Body:
{
    "login": "wPkjAmYKKv",
    "password": null,
    "id": 0
}
Request method:	POST
Request URI:	http://qa-scooter.praktikum-services.ru/api/v1/courier/login
Proxy:			<none>
Request params:	<none>
Query params:	<none>
Form params:	<none>
Path params:	<none>
Headers:		Accept=*/*
				Content-Type=application/json
Cookies:		<none>
Multiparts:		<none>
Body:
{
    "login": "wPkjAmYKKv",
    "password": null,
    "id": 0
}
Request method:	POST
Request URI:	http://qa-scooter.praktikum-services.ru/api/v1/courier/login
Proxy:			<none>
Request params:	<none>
Query params:	<none>
Form params:	<none>
Path params:	<none>
Headers:		Accept=*/*
				Content-Type=application/json
Cookies:		<none>
Multiparts:		<none>
Body:
{
    "login": "wPkjAmYKKv",
    "password": null,
    "id": 0
}
Request method:	POST
Request URI:	http://qa-scooter.praktikum-services.ru/api/v1/courier/login
Proxy:			<none>
Request params:	<none>
Query params:	<none>
Form params:	<none>
Path params:	<none>
Headers:		Accept=*/*
				Content-Type=application/json
Cookies:		<none>
Multiparts:		<none>
Body:
{
    "login": "wPkjAmYKKv",
    "password": null,
    "id": 0
}
Request method:	POST
Request URI:	http://qa-scooter.praktikum-services.ru/api/v1/courier/login
Proxy:			<none>
Request params:	<none>
Query params:	<none>
Form params:	<none>
Path params:	<none>
Headers:		Accept=*/*
				Content-Type=application/json
Cookies:		<none>
Multiparts:		<none>
Body:
{
    "login": "wPkjAmYKKv",
    "password": null,
    "id": 0
}
Request method:	POST
Request URI:	http://qa-scooter.praktikum-services.ru/api/v1/courier/login
Proxy:			<none>
Request params:	<none>
Query params:	<none>
Form params:	<none>
Path params:	<none>
Headers:		Accept=*/*
				Content-Type=application/json
Cookies:		<none>
Multiparts:		<none>
Body:
{
    "login": "wPkjAmYKKv",
    "password": null,
    "id": 0
}
Request method:	POST
Request URI:	http://qa-scooter.praktikum-services.ru/api/v1/courier/login
Proxy:			<none>
Request params:	<none>
Query params:	<none>
Form params:	<none>
Path params:	<none>
Headers:		Accept=*/*
				Content-Type=application/json
Cookies:		<none>
Multiparts:		<none>
Body:
{
    "login": "wPkjAmYKKv",
    "password": null,
    "id": 0
}
Request method:	POST
Request URI:	http://qa-scooter.praktikum-services.ru/api/v1/courier/login
Proxy:			<none>
Request params:	<none>
Query params:	<none>
Form params:	<none>
Path params:	<none>
Headers:		Accept=*/*
				Content-Type=application/json
Cookies:		<none>
Multiparts:		<none>
Body:
{
    "login": "wPkjAmYKKv",
    "password": null,
    "id": 0
}
Request method:	POST
Request URI:	http://qa-scooter.praktikum-services.ru/api/v1/courier/login
Proxy:			<none>
Request params:	<none>
Query params:	<none>
Form params:	<none>
Path params:	<none>
Headers:		Accept=*/*
				Content-Type=application/json
Cookies:		<none>
Multiparts:		<none>
Body:
{
    "login": "wPkjAmYKKv",
    "password": null,
    "id": 0
}
Request method:	POST
Request URI:	http://qa-scooter.praktikum-services.ru/api/v1/courier/login
Proxy:			<none>
Request params:	<none>
Query params:	<none>
Form params:	<none>
Path params:	<none>
Headers:		Accept=*/*
				Content-Type=application/json
Cookies:		<none>
Multiparts:		<none>
Body:
{
    "login": "wPkjAmYKKv",
    "password": null,
    "id": 0
}
Request method:	POST
Request URI:	http://qa-scooter.praktikum-services.ru/api/v1/courier/login
Proxy:			<none>
Request params:	<none>
Query params:	<none>
Form params:	<none>
Path params:	<none>
Headers:		Accept=*/*
				Content-Type=application/json
Cookies:		<none>
Multiparts:		<none>
Body:
{
    "login": "wPkjAmYKKv",
    "password": null,
    "id": 0
}
Request method:	POST
Request URI:	http://qa-scooter.praktikum-services.ru/api/v1/courier/login
Proxy:			<none>
Request params:	<none>
Query params:	<none>
Form params:	<none>
Path params:	<none>
Headers:		Accept=*/*
				Content-Type=application/json
Cookies:		<none>
Multiparts:		<none>
Body:
{
    "login": "wPkjAmYKKv",
    "password": null,
    "id": 0
}
Request method:	POST
Request URI:	http://qa-scooter.praktikum-services.ru/api/v1/courier/login
Proxy:			<none>
Request params:	<none>
Query params:	<none>
Form params:	<none>
Path params:	<none>
Headers:		Accept=*/*
				Content-Type=application/json
Cookies:		<none>
Multiparts:		<none>
Body:
{
    "login": "wPkjAmYKKv",
    "password": null,
    "id": 0
}
Request method:	POST
Request URI:	http://qa-scooter.praktikum-services.ru/api/v1/courier/login
Proxy:			<none>
Request params:	<none>
Query params:	<none>
Form params:	<none>
Path params:	<none>
Headers:		Accept=*/*
				Content-Type=application/json
Cookies:		<none>
Multiparts:		<none>
Body:
{
    "login": "wPkjAmYKKv",
    "password": null,
    "id": 0
}
Request method:	POST
Request URI:	http://qa-scooter.praktikum-services.ru/api/v1/courier/login
Proxy:			<none>
Request params:	<none>
Query params:	<none>
Form params:	<none>
Path params:	<none>
Headers:		Accept=*/*
				Content-Type=application/json
Cookies:		<none>
Multiparts:		<none>
Body:
{
    "login": "wPkjAmYKKv",
    "password": null,
    "id": 0
}
Request method:	POST
Request URI:	http://qa-scooter.praktikum-services.ru/api/v1/courier/login
Proxy:			<none>
Request params:	<none>
Query params:	<none>
Form params:	<none>
Path params:	<none>
Headers:		Accept=*/*
				Content-Type=application/json
Cookies:		<none>
Multiparts:		<none>
Body:
{
    "login": "wPkjAmYKKv",
    "password": null,
    "id": 0
}
HTTP/1.1 504 Gateway time out
Content-Length: 19
Set-Cookie: _yasc=Ap5Bt5FEbvc5nRoZvjzW7T7Icf9VdJo+WQzNYeI7qYw6Tg==; domain=.praktikum-services.ru; path=/; expires=Tue, 10-May-2022 10:59:46 GMT; secure
X-Request-Id: 1649588386859433-15770048623803870614

Service unavailable
HTTP/1.1 504 Gateway time out
Content-Length: 19
Set-Cookie: _yasc=Ap5Bt5FEbvc5nRoZvjzW7T7Icf9VdJo+WQzNYeI7qYw6Tg==; domain=.praktikum-services.ru; path=/; expires=Tue, 10-May-2022 10:59:46 GMT; secure
X-Request-Id: 1649588386859433-15770048623803870614

Service unavailable
HTTP/1.1 504 Gateway time out
Content-Length: 19
Set-Cookie: _yasc=Ap5Bt5FEbvc5nRoZvjzW7T7Icf9VdJo+WQzNYeI7qYw6Tg==; domain=.praktikum-services.ru; path=/; expires=Tue, 10-May-2022 10:59:46 GMT; secure
X-Request-Id: 1649588386859433-15770048623803870614

Service unavailable
HTTP/1.1 504 Gateway time out
Content-Length: 19
Set-Cookie: _yasc=Ap5Bt5FEbvc5nRoZvjzW7T7Icf9VdJo+WQzNYeI7qYw6Tg==; domain=.praktikum-services.ru; path=/; expires=Tue, 10-May-2022 10:59:46 GMT; secure
X-Request-Id: 1649588386859433-15770048623803870614

Service unavailable
HTTP/1.1 504 Gateway time out
Content-Length: 19
Set-Cookie: _yasc=Ap5Bt5FEbvc5nRoZvjzW7T7Icf9VdJo+WQzNYeI7qYw6Tg==; domain=.praktikum-services.ru; path=/; expires=Tue, 10-May-2022 10:59:46 GMT; secure
X-Request-Id: 1649588386859433-15770048623803870614

Service unavailable
HTTP/1.1 504 Gateway time out
Content-Length: 19
Set-Cookie: _yasc=Ap5Bt5FEbvc5nRoZvjzW7T7Icf9VdJo+WQzNYeI7qYw6Tg==; domain=.praktikum-services.ru; path=/; expires=Tue, 10-May-2022 10:59:46 GMT; secure
X-Request-Id: 1649588386859433-15770048623803870614

Service unavailable
HTTP/1.1 504 Gateway time out
Content-Length: 19
Set-Cookie: _yasc=Ap5Bt5FEbvc5nRoZvjzW7T7Icf9VdJo+WQzNYeI7qYw6Tg==; domain=.praktikum-services.ru; path=/; expires=Tue, 10-May-2022 10:59:46 GMT; secure
X-Request-Id: 1649588386859433-15770048623803870614

Service unavailable
HTTP/1.1 504 Gateway time out
Content-Length: 19
Set-Cookie: _yasc=Ap5Bt5FEbvc5nRoZvjzW7T7Icf9VdJo+WQzNYeI7qYw6Tg==; domain=.praktikum-services.ru; path=/; expires=Tue, 10-May-2022 10:59:46 GMT; secure
X-Request-Id: 1649588386859433-15770048623803870614

Service unavailable
HTTP/1.1 504 Gateway time out
Content-Length: 19
Set-Cookie: _yasc=Ap5Bt5FEbvc5nRoZvjzW7T7Icf9VdJo+WQzNYeI7qYw6Tg==; domain=.praktikum-services.ru; path=/; expires=Tue, 10-May-2022 10:59:46 GMT; secure
X-Request-Id: 1649588386859433-15770048623803870614

Service unavailable
HTTP/1.1 504 Gateway time out
Content-Length: 19
Set-Cookie: _yasc=Ap5Bt5FEbvc5nRoZvjzW7T7Icf9VdJo+WQzNYeI7qYw6Tg==; domain=.praktikum-services.ru; path=/; expires=Tue, 10-May-2022 10:59:46 GMT; secure
X-Request-Id: 1649588386859433-15770048623803870614

Service unavailable
HTTP/1.1 504 Gateway time out
Content-Length: 19
Set-Cookie: _yasc=Ap5Bt5FEbvc5nRoZvjzW7T7Icf9VdJo+WQzNYeI7qYw6Tg==; domain=.praktikum-services.ru; path=/; expires=Tue, 10-May-2022 10:59:46 GMT; secure
X-Request-Id: 1649588386859433-15770048623803870614

Service unavailable
HTTP/1.1 504 Gateway time out
Content-Length: 19
Set-Cookie: _yasc=Ap5Bt5FEbvc5nRoZvjzW7T7Icf9VdJo+WQzNYeI7qYw6Tg==; domain=.praktikum-services.ru; path=/; expires=Tue, 10-May-2022 10:59:46 GMT; secure
X-Request-Id: 1649588386859433-15770048623803870614

Service unavailable
HTTP/1.1 504 Gateway time out
Content-Length: 19
Set-Cookie: _yasc=Ap5Bt5FEbvc5nRoZvjzW7T7Icf9VdJo+WQzNYeI7qYw6Tg==; domain=.praktikum-services.ru; path=/; expires=Tue, 10-May-2022 10:59:46 GMT; secure
X-Request-Id: 1649588386859433-15770048623803870614

Service unavailable
HTTP/1.1 504 Gateway time out
Content-Length: 19
Set-Cookie: _yasc=Ap5Bt5FEbvc5nRoZvjzW7T7Icf9VdJo+WQzNYeI7qYw6Tg==; domain=.praktikum-services.ru; path=/; expires=Tue, 10-May-2022 10:59:46 GMT; secure
X-Request-Id: 1649588386859433-15770048623803870614

Service unavailable
HTTP/1.1 504 Gateway time out
Content-Length: 19
Set-Cookie: _yasc=Ap5Bt5FEbvc5nRoZvjzW7T7Icf9VdJo+WQzNYeI7qYw6Tg==; domain=.praktikum-services.ru; path=/; expires=Tue, 10-May-2022 10:59:46 GMT; secure
X-Request-Id: 1649588386859433-15770048623803870614

Service unavailable
HTTP/1.1 504 Gateway time out
Content-Length: 19
Set-Cookie: _yasc=Ap5Bt5FEbvc5nRoZvjzW7T7Icf9VdJo+WQzNYeI7qYw6Tg==; domain=.praktikum-services.ru; path=/; expires=Tue, 10-May-2022 10:59:46 GMT; secure
X-Request-Id: 1649588386859433-15770048623803870614

Service unavailable
HTTP/1.1 504 Gateway time out
Content-Length: 19
Set-Cookie: _yasc=Ap5Bt5FEbvc5nRoZvjzW7T7Icf9VdJo+WQzNYeI7qYw6Tg==; domain=.praktikum-services.ru; path=/; expires=Tue, 10-May-2022 10:59:46 GMT; secure
X-Request-Id: 1649588386859433-15770048623803870614

Service unavailable
HTTP/1.1 504 Gateway time out
Content-Length: 19
Set-Cookie: _yasc=Ap5Bt5FEbvc5nRoZvjzW7T7Icf9VdJo+WQzNYeI7qYw6Tg==; domain=.praktikum-services.ru; path=/; expires=Tue, 10-May-2022 10:59:46 GMT; secure
X-Request-Id: 1649588386859433-15770048623803870614

Service unavailable
HTTP/1.1 504 Gateway time out
Content-Length: 19
Set-Cookie: _yasc=Ap5Bt5FEbvc5nRoZvjzW7T7Icf9VdJo+WQzNYeI7qYw6Tg==; domain=.praktikum-services.ru; path=/; expires=Tue, 10-May-2022 10:59:46 GMT; secure
X-Request-Id: 1649588386859433-15770048623803870614

Service unavailable
HTTP/1.1 504 Gateway time out
Content-Length: 19
Set-Cookie: _yasc=Ap5Bt5FEbvc5nRoZvjzW7T7Icf9VdJo+WQzNYeI7qYw6Tg==; domain=.praktikum-services.ru; path=/; expires=Tue, 10-May-2022 10:59:46 GMT; secure
X-Request-Id: 1649588386859433-15770048623803870614

Service unavailable
Request method:	DELETE
Request URI:	http://qa-scooter.praktikum-services.ru/api/v1/courier/54164
Proxy:			<none>
Request params:	<none>
Query params:	<none>
Form params:	<none>
Path params:	<none>
Headers:		Accept=*/*
Cookies:		<none>
Multiparts:		<none>
Body:			<none>
Request method:	DELETE
Request URI:	http://qa-scooter.praktikum-services.ru/api/v1/courier/54164
Proxy:			<none>
Request params:	<none>
Query params:	<none>
Form params:	<none>
Path params:	<none>
Headers:		Accept=*/*
Cookies:		<none>
Multiparts:		<none>
Body:			<none>
Request method:	DELETE
Request URI:	http://qa-scooter.praktikum-services.ru/api/v1/courier/54164
Proxy:			<none>
Request params:	<none>
Query params:	<none>
Form params:	<none>
Path params:	<none>
Headers:		Accept=*/*
Cookies:		<none>
Multiparts:		<none>
Body:			<none>
Request method:	DELETE
Request URI:	http://qa-scooter.praktikum-services.ru/api/v1/courier/54164
Proxy:			<none>
Request params:	<none>
Query params:	<none>
Form params:	<none>
Path params:	<none>
Headers:		Accept=*/*
Cookies:		<none>
Multiparts:		<none>
Body:			<none>
Request method:	DELETE
Request URI:	http://qa-scooter.praktikum-services.ru/api/v1/courier/54164
Proxy:			<none>
Request params:	<none>
Query params:	<none>
Form params:	<none>
Path params:	<none>
Headers:		Accept=*/*
Cookies:		<none>
Multiparts:		<none>
Body:			<none>
Request method:	DELETE
Request URI:	http://qa-scooter.praktikum-services.ru/api/v1/courier/54164
Proxy:			<none>
Request params:	<none>
Query params:	<none>
Form params:	<none>
Path params:	<none>
Headers:		Accept=*/*
Cookies:		<none>
Multiparts:		<none>
Body:			<none>
Request method:	DELETE
Request URI:	http://qa-scooter.praktikum-services.ru/api/v1/courier/54164
Proxy:			<none>
Request params:	<none>
Query params:	<none>
Form params:	<none>
Path params:	<none>
Headers:		Accept=*/*
Cookies:		<none>
Multiparts:		<none>
Body:			<none>
Request method:	DELETE
Request URI:	http://qa-scooter.praktikum-services.ru/api/v1/courier/54164
Proxy:			<none>
Request params:	<none>
Query params:	<none>
Form params:	<none>
Path params:	<none>
Headers:		Accept=*/*
Cookies:		<none>
Multiparts:		<none>
Body:			<none>
Request method:	DELETE
Request URI:	http://qa-scooter.praktikum-services.ru/api/v1/courier/54164
Proxy:			<none>
Request params:	<none>
Query params:	<none>
Form params:	<none>
Path params:	<none>
Headers:		Accept=*/*
Cookies:		<none>
Multiparts:		<none>
Body:			<none>
Request method:	DELETE
Request URI:	http://qa-scooter.praktikum-services.ru/api/v1/courier/54164
Proxy:			<none>
Request params:	<none>
Query params:	<none>
Form params:	<none>
Path params:	<none>
Headers:		Accept=*/*
Cookies:		<none>
Multiparts:		<none>
Body:			<none>
Request method:	DELETE
Request URI:	http://qa-scooter.praktikum-services.ru/api/v1/courier/54164
Proxy:			<none>
Request params:	<none>
Query params:	<none>
Form params:	<none>
Path params:	<none>
Headers:		Accept=*/*
Cookies:		<none>
Multiparts:		<none>
Body:			<none>
Request method:	DELETE
Request URI:	http://qa-scooter.praktikum-services.ru/api/v1/courier/54164
Proxy:			<none>
Request params:	<none>
Query params:	<none>
Form params:	<none>
Path params:	<none>
Headers:		Accept=*/*
Cookies:		<none>
Multiparts:		<none>
Body:			<none>
Request method:	DELETE
Request URI:	http://qa-scooter.praktikum-services.ru/api/v1/courier/54164
Proxy:			<none>
Request params:	<none>
Query params:	<none>
Form params:	<none>
Path params:	<none>
Headers:		Accept=*/*
Cookies:		<none>
Multiparts:		<none>
Body:			<none>
Request method:	DELETE
Request URI:	http://qa-scooter.praktikum-services.ru/api/v1/courier/54164
Proxy:			<none>
Request params:	<none>
Query params:	<none>
Form params:	<none>
Path params:	<none>
Headers:		Accept=*/*
Cookies:		<none>
Multiparts:		<none>
Body:			<none>
Request method:	DELETE
Request URI:	http://qa-scooter.praktikum-services.ru/api/v1/courier/54164
Proxy:			<none>
Request params:	<none>
Query params:	<none>
Form params:	<none>
Path params:	<none>
Headers:		Accept=*/*
Cookies:		<none>
Multiparts:		<none>
Body:			<none>
Request method:	DELETE
Request URI:	http://qa-scooter.praktikum-services.ru/api/v1/courier/54164
Proxy:			<none>
Request params:	<none>
Query params:	<none>
Form params:	<none>
Path params:	<none>
Headers:		Accept=*/*
Cookies:		<none>
Multiparts:		<none>
Body:			<none>
Request method:	DELETE
Request URI:	http://qa-scooter.praktikum-services.ru/api/v1/courier/54164
Proxy:			<none>
Request params:	<none>
Query params:	<none>
Form params:	<none>
Path params:	<none>
Headers:		Accept=*/*
Cookies:		<none>
Multiparts:		<none>
Body:			<none>
Request method:	DELETE
Request URI:	http://qa-scooter.praktikum-services.ru/api/v1/courier/54164
Proxy:			<none>
Request params:	<none>
Query params:	<none>
Form params:	<none>
Path params:	<none>
Headers:		Accept=*/*
Cookies:		<none>
Multiparts:		<none>
Body:			<none>
Request method:	DELETE
Request URI:	http://qa-scooter.praktikum-services.ru/api/v1/courier/54164
Proxy:			<none>
Request params:	<none>
Query params:	<none>
Form params:	<none>
Path params:	<none>
Headers:		Accept=*/*
Cookies:		<none>
Multiparts:		<none>
Body:			<none>
Request method:	DELETE
Request URI:	http://qa-scooter.praktikum-services.ru/api/v1/courier/54164
Proxy:			<none>
Request params:	<none>
Query params:	<none>
Form params:	<none>
Path params:	<none>
Headers:		Accept=*/*
Cookies:		<none>
Multiparts:		<none>
Body:			<none>
HTTP/1.1 200 OK
Access-Control-Allow-Origin: *
Content-Length: 11
Content-Type: application/json; charset=utf-8
Date: Sun, 10 Apr 2022 11:00:47 GMT
ETag: W/"b-Ai2R8hgEarLmHKwesT1qcY913ys"
Set-Cookie: _yasc=T+SUBCfosWV9CZR5yE9fNPMqDtobieOSSczru6iPNnu6Tg==; domain=.praktikum-services.ru; path=/; expires=Tue, 10-May-2022 11:00:46 GMT; secure
X-Powered-By: Express
X-Request-Id: 1649588446977782-14324235847559533066

{
    "ok": true
}
HTTP/1.1 200 OK
Access-Control-Allow-Origin: *
Content-Length: 11
Content-Type: application/json; charset=utf-8
Date: Sun, 10 Apr 2022 11:00:47 GMT
ETag: W/"b-Ai2R8hgEarLmHKwesT1qcY913ys"
Set-Cookie: _yasc=T+SUBCfosWV9CZR5yE9fNPMqDtobieOSSczru6iPNnu6Tg==; domain=.praktikum-services.ru; path=/; expires=Tue, 10-May-2022 11:00:46 GMT; secure
X-Powered-By: Express
X-Request-Id: 1649588446977782-14324235847559533066

{
    "ok": true
}
HTTP/1.1 200 OK
Access-Control-Allow-Origin: *
Content-Length: 11
Content-Type: application/json; charset=utf-8
Date: Sun, 10 Apr 2022 11:00:47 GMT
ETag: W/"b-Ai2R8hgEarLmHKwesT1qcY913ys"
Set-Cookie: _yasc=T+SUBCfosWV9CZR5yE9fNPMqDtobieOSSczru6iPNnu6Tg==; domain=.praktikum-services.ru; path=/; expires=Tue, 10-May-2022 11:00:46 GMT; secure
X-Powered-By: Express
X-Request-Id: 1649588446977782-14324235847559533066

{
    "ok": true
}
HTTP/1.1 200 OK
Access-Control-Allow-Origin: *
Content-Length: 11
Content-Type: application/json; charset=utf-8
Date: Sun, 10 Apr 2022 11:00:47 GMT
ETag: W/"b-Ai2R8hgEarLmHKwesT1qcY913ys"
Set-Cookie: _yasc=T+SUBCfosWV9CZR5yE9fNPMqDtobieOSSczru6iPNnu6Tg==; domain=.praktikum-services.ru; path=/; expires=Tue, 10-May-2022 11:00:46 GMT; secure
X-Powered-By: Express
X-Request-Id: 1649588446977782-14324235847559533066

{
    "ok": true
}
HTTP/1.1 200 OK
Access-Control-Allow-Origin: *
Content-Length: 11
Content-Type: application/json; charset=utf-8
Date: Sun, 10 Apr 2022 11:00:47 GMT
ETag: W/"b-Ai2R8hgEarLmHKwesT1qcY913ys"
Set-Cookie: _yasc=T+SUBCfosWV9CZR5yE9fNPMqDtobieOSSczru6iPNnu6Tg==; domain=.praktikum-services.ru; path=/; expires=Tue, 10-May-2022 11:00:46 GMT; secure
X-Powered-By: Express
X-Request-Id: 1649588446977782-14324235847559533066

{
    "ok": true
}
HTTP/1.1 200 OK
Access-Control-Allow-Origin: *
Content-Length: 11
Content-Type: application/json; charset=utf-8
Date: Sun, 10 Apr 2022 11:00:47 GMT
ETag: W/"b-Ai2R8hgEarLmHKwesT1qcY913ys"
Set-Cookie: _yasc=T+SUBCfosWV9CZR5yE9fNPMqDtobieOSSczru6iPNnu6Tg==; domain=.praktikum-services.ru; path=/; expires=Tue, 10-May-2022 11:00:46 GMT; secure
X-Powered-By: Express
X-Request-Id: 1649588446977782-14324235847559533066

{
    "ok": true
}
HTTP/1.1 200 OK
Access-Control-Allow-Origin: *
Content-Length: 11
Content-Type: application/json; charset=utf-8
Date: Sun, 10 Apr 2022 11:00:47 GMT
ETag: W/"b-Ai2R8hgEarLmHKwesT1qcY913ys"
Set-Cookie: _yasc=T+SUBCfosWV9CZR5yE9fNPMqDtobieOSSczru6iPNnu6Tg==; domain=.praktikum-services.ru; path=/; expires=Tue, 10-May-2022 11:00:46 GMT; secure
X-Powered-By: Express
X-Request-Id: 1649588446977782-14324235847559533066

{
    "ok": true
}
HTTP/1.1 200 OK
Access-Control-Allow-Origin: *
Content-Length: 11
Content-Type: application/json; charset=utf-8
Date: Sun, 10 Apr 2022 11:00:47 GMT
ETag: W/"b-Ai2R8hgEarLmHKwesT1qcY913ys"
Set-Cookie: _yasc=T+SUBCfosWV9CZR5yE9fNPMqDtobieOSSczru6iPNnu6Tg==; domain=.praktikum-services.ru; path=/; expires=Tue, 10-May-2022 11:00:46 GMT; secure
X-Powered-By: Express
X-Request-Id: 1649588446977782-14324235847559533066

{
    "ok": true
}
HTTP/1.1 200 OK
Access-Control-Allow-Origin: *
Content-Length: 11
Content-Type: application/json; charset=utf-8
Date: Sun, 10 Apr 2022 11:00:47 GMT
ETag: W/"b-Ai2R8hgEarLmHKwesT1qcY913ys"
Set-Cookie: _yasc=T+SUBCfosWV9CZR5yE9fNPMqDtobieOSSczru6iPNnu6Tg==; domain=.praktikum-services.ru; path=/; expires=Tue, 10-May-2022 11:00:46 GMT; secure
X-Powered-By: Express
X-Request-Id: 1649588446977782-14324235847559533066

{
    "ok": true
}
HTTP/1.1 200 OK
Access-Control-Allow-Origin: *
Content-Length: 11
Content-Type: application/json; charset=utf-8
Date: Sun, 10 Apr 2022 11:00:47 GMT
ETag: W/"b-Ai2R8hgEarLmHKwesT1qcY913ys"
Set-Cookie: _yasc=T+SUBCfosWV9CZR5yE9fNPMqDtobieOSSczru6iPNnu6Tg==; domain=.praktikum-services.ru; path=/; expires=Tue, 10-May-2022 11:00:46 GMT; secure
X-Powered-By: Express
X-Request-Id: 1649588446977782-14324235847559533066

{
    "ok": true
}
HTTP/1.1 200 OK
Access-Control-Allow-Origin: *
Content-Length: 11
Content-Type: application/json; charset=utf-8
Date: Sun, 10 Apr 2022 11:00:47 GMT
ETag: W/"b-Ai2R8hgEarLmHKwesT1qcY913ys"
Set-Cookie: _yasc=T+SUBCfosWV9CZR5yE9fNPMqDtobieOSSczru6iPNnu6Tg==; domain=.praktikum-services.ru; path=/; expires=Tue, 10-May-2022 11:00:46 GMT; secure
X-Powered-By: Express
X-Request-Id: 1649588446977782-14324235847559533066

{
    "ok": true
}
HTTP/1.1 200 OK
Access-Control-Allow-Origin: *
Content-Length: 11
Content-Type: application/json; charset=utf-8
Date: Sun, 10 Apr 2022 11:00:47 GMT
ETag: W/"b-Ai2R8hgEarLmHKwesT1qcY913ys"
Set-Cookie: _yasc=T+SUBCfosWV9CZR5yE9fNPMqDtobieOSSczru6iPNnu6Tg==; domain=.praktikum-services.ru; path=/; expires=Tue, 10-May-2022 11:00:46 GMT; secure
X-Powered-By: Express
X-Request-Id: 1649588446977782-14324235847559533066

{
    "ok": true
}
HTTP/1.1 200 OK
Access-Control-Allow-Origin: *
Content-Length: 11
Content-Type: application/json; charset=utf-8
Date: Sun, 10 Apr 2022 11:00:47 GMT
ETag: W/"b-Ai2R8hgEarLmHKwesT1qcY913ys"
Set-Cookie: _yasc=T+SUBCfosWV9CZR5yE9fNPMqDtobieOSSczru6iPNnu6Tg==; domain=.praktikum-services.ru; path=/; expires=Tue, 10-May-2022 11:00:46 GMT; secure
X-Powered-By: Express
X-Request-Id: 1649588446977782-14324235847559533066

{
    "ok": true
}
HTTP/1.1 200 OK
Access-Control-Allow-Origin: *
Content-Length: 11
Content-Type: application/json; charset=utf-8
Date: Sun, 10 Apr 2022 11:00:47 GMT
ETag: W/"b-Ai2R8hgEarLmHKwesT1qcY913ys"
Set-Cookie: _yasc=T+SUBCfosWV9CZR5yE9fNPMqDtobieOSSczru6iPNnu6Tg==; domain=.praktikum-services.ru; path=/; expires=Tue, 10-May-2022 11:00:46 GMT; secure
X-Powered-By: Express
X-Request-Id: 1649588446977782-14324235847559533066

{
    "ok": true
}
HTTP/1.1 200 OK
Access-Control-Allow-Origin: *
Content-Length: 11
Content-Type: application/json; charset=utf-8
Date: Sun, 10 Apr 2022 11:00:47 GMT
ETag: W/"b-Ai2R8hgEarLmHKwesT1qcY913ys"
Set-Cookie: _yasc=T+SUBCfosWV9CZR5yE9fNPMqDtobieOSSczru6iPNnu6Tg==; domain=.praktikum-services.ru; path=/; expires=Tue, 10-May-2022 11:00:46 GMT; secure
X-Powered-By: Express
X-Request-Id: 1649588446977782-14324235847559533066

{
    "ok": true
}
HTTP/1.1 200 OK
Access-Control-Allow-Origin: *
Content-Length: 11
Content-Type: application/json; charset=utf-8
Date: Sun, 10 Apr 2022 11:00:47 GMT
ETag: W/"b-Ai2R8hgEarLmHKwesT1qcY913ys"
Set-Cookie: _yasc=T+SUBCfosWV9CZR5yE9fNPMqDtobieOSSczru6iPNnu6Tg==; domain=.praktikum-services.ru; path=/; expires=Tue, 10-May-2022 11:00:46 GMT; secure
X-Powered-By: Express
X-Request-Id: 1649588446977782-14324235847559533066

{
    "ok": true
}
HTTP/1.1 200 OK
Access-Control-Allow-Origin: *
Content-Length: 11
Content-Type: application/json; charset=utf-8
Date: Sun, 10 Apr 2022 11:00:47 GMT
ETag: W/"b-Ai2R8hgEarLmHKwesT1qcY913ys"
Set-Cookie: _yasc=T+SUBCfosWV9CZR5yE9fNPMqDtobieOSSczru6iPNnu6Tg==; domain=.praktikum-services.ru; path=/; expires=Tue, 10-May-2022 11:00:46 GMT; secure
X-Powered-By: Express
X-Request-Id: 1649588446977782-14324235847559533066

{
    "ok": true
}
HTTP/1.1 200 OK
Access-Control-Allow-Origin: *
Content-Length: 11
Content-Type: application/json; charset=utf-8
Date: Sun, 10 Apr 2022 11:00:47 GMT
ETag: W/"b-Ai2R8hgEarLmHKwesT1qcY913ys"
Set-Cookie: _yasc=T+SUBCfosWV9CZR5yE9fNPMqDtobieOSSczru6iPNnu6Tg==; domain=.praktikum-services.ru; path=/; expires=Tue, 10-May-2022 11:00:46 GMT; secure
X-Powered-By: Express
X-Request-Id: 1649588446977782-14324235847559533066

{
    "ok": true
}
HTTP/1.1 200 OK
Access-Control-Allow-Origin: *
Content-Length: 11
Content-Type: application/json; charset=utf-8
Date: Sun, 10 Apr 2022 11:00:47 GMT
ETag: W/"b-Ai2R8hgEarLmHKwesT1qcY913ys"
Set-Cookie: _yasc=T+SUBCfosWV9CZR5yE9fNPMqDtobieOSSczru6iPNnu6Tg==; domain=.praktikum-services.ru; path=/; expires=Tue, 10-May-2022 11:00:46 GMT; secure
X-Powered-By: Express
X-Request-Id: 1649588446977782-14324235847559533066

{
    "ok": true
}
HTTP/1.1 200 OK
Access-Control-Allow-Origin: *
Content-Length: 11
Content-Type: application/json; charset=utf-8
Date: Sun, 10 Apr 2022 11:00:47 GMT
ETag: W/"b-Ai2R8hgEarLmHKwesT1qcY913ys"
Set-Cookie: _yasc=T+SUBCfosWV9CZR5yE9fNPMqDtobieOSSczru6iPNnu6Tg==; domain=.praktikum-services.ru; path=/; expires=Tue, 10-May-2022 11:00:46 GMT; secure
X-Powered-By: Express
X-Request-Id: 1649588446977782-14324235847559533066

{
    "ok": true
}
Удалил курьера(After метод) id = 54164
200
----------------------------------------------------------------
]]></system-out>
  </testcase>
</testsuite>