<?xml version="1.0" encoding="UTF-8"?>
<testsuite xmlns:xsi="http://www.w3.org/2001/XMLSchema-instance" xsi:noNamespaceSchemaLocation="https://maven.apache.org/surefire/maven-surefire-plugin/xsd/surefire-test-report.xsd" name="org.example.CreateCourierTest" time="6.622" tests="7" errors="0" skipped="0" failures="0">
  <properties>
[...]
</properties>
  <testcase name="testCourierCreatSuccessBodyOkTrue" classname="org.example.CreateCourierTest" time="3.963"/>
  <testcase name="testCourierCreatReturnErrorIfNoOneField" classname="org.example.CreateCourierTest" time="0.306"/>
  <testcase name="testCourierCreatingWithRequiredFields" classname="org.example.CreateCourierTest" time="0.422"/>
  <testcase name="testCourierCreateReturnCorrectSatusCode" classname="org.example.CreateCourierTest" time="0.36"/>
  <testcase name="testCourierCreatReturnErrorIfLoginIsCreate" classname="org.example.CreateCourierTest" time="0.559"/>
  <testcase name="testCantCreateSameCourier" classname="org.example.CreateCourierTest" time="0.476"/>
  <testcase name="testCourierCanCreate" classname="org.example.CreateCourierTest" time="0.367"/>
</testsuite>